<?xml version="1.0" encoding="UTF-8"?>
<!-- Generated by org.testng.reporters.JUnitReportReporter -->
<testsuite hostname="Dell" failures="0" tests="4" name="nivd.ng2" time="0.055" errors="0" timestamp="2022-10-19T08:25:55 IST" skipped="0">
  <testcase classname="nivd.ng2" name="m1" time="0.034"/>
  <system-out/>
  <testcase classname="nivd.ng2" name="m2" time="0.005"/>
  <system-out/>
  <testcase classname="nivd.ng2" name="m4" time="0.006"/>
  <system-out/>
  <testcase classname="nivd.ng2" name="m3" time="0.010"/>
  <system-out/>
</testsuite> <!-- nivd.ng2 -->
