<?xml version="1.0" encoding="UTF-8"?>
<!-- Generated by org.testng.reporters.JUnitReportReporter -->
<testsuite hostname="Dell" failures="0" tests="6" name="nivd.Test_Demo1" time="71.319" errors="0" timestamp="2022-10-25T17:34:09 IST" skipped="1">
  <testcase classname="nivd.Test_Demo1" name="Testz" time="8.508"/>
  <system-out/>
  <testcase classname="nivd.Test_Demo1" name="Testz" time="26.374"/>
  <system-out/>
  <testcase classname="nivd.Test_Demo1" name="Testz" time="19.439"/>
  <system-out/>
  <testcase classname="nivd.Test_Demo1" name="Testa" time="8.739"/>
  <system-out/>
  <testcase classname="nivd.Test_Demo1" name="Teste" time="8.259"/>
  <system-out/>
  <testcase classname="nivd.Test_Demo1" name="Testb">
    <skipped/>
  </testcase> <!-- Testb -->
  <system-out/>
</testsuite> <!-- nivd.Test_Demo1 -->
