<?xml version="1.0" encoding="UTF-8"?>
<!-- Generated by org.testng.reporters.JUnitReportReporter -->
<testsuite hostname="Dell" failures="0" tests="3" name="nivd.test_demo1ng" time="69.154" errors="0" timestamp="2022-10-19T08:25:55 IST" skipped="0">
  <testcase classname="nivd.test_demo1ng" name="test1" time="16.932"/>
  <system-out/>
  <testcase classname="nivd.test_demo1ng" name="test2" time="34.289"/>
  <system-out/>
  <testcase classname="nivd.test_demo1ng" name="test3" time="17.933"/>
  <system-out/>
</testsuite> <!-- nivd.test_demo1ng -->
