<?xml version="1.0" encoding="UTF-8"?>
<!-- Generated by org.testng.reporters.JUnitReportReporter -->
<testsuite hostname="Dell" failures="0" tests="1" name="nivd.testpom" time="31.409" errors="0" timestamp="2022-10-28T21:18:36 IST" skipped="0">
  <testcase classname="nivd.testpom" name="testlogin" time="31.409"/>
  <system-out/>
</testsuite> <!-- nivd.testpom -->
