<?xml version="1.0" encoding="UTF-8"?>
<!-- Generated by org.testng.reporters.JUnitReportReporter -->
<testsuite hostname="Dell" failures="0" tests="6" name="nivd.test8" time="79.928" errors="0" timestamp="2022-10-19T00:30:19 IST" skipped="0">
  <testcase classname="nivd.test8" name="test3" time="13.077"/>
  <system-out/>
  <testcase classname="nivd.test8" name="test1" time="22.007"/>
  <system-out/>
  <testcase classname="nivd.test8" name="test1" time="7.888"/>
  <system-out/>
  <testcase classname="nivd.test8" name="test3" time="7.829"/>
  <system-out/>
  <testcase classname="nivd.test8" name="test2" time="21.481"/>
  <system-out/>
  <testcase classname="nivd.test8" name="test2" time="7.646"/>
  <system-out/>
</testsuite> <!-- nivd.test8 -->
